<?xml version="1.0" encoding="UTF-8"?>
<!-- Generated by org.testng.reporters.JUnitReportReporter -->
<testsuite hostname="JungHoons-MacBook-Pro.local" failures="0" tests="1" name="com.herokuapp.internet.multiplewindowstest.MultipleWindowsTest" time="6.536" errors="0" timestamp="2024-07-10T01:02:21 CDT" skipped="0">
  <testcase classname="com.herokuapp.internet.multiplewindowstest.MultipleWindowsTest" name="MultipleWindowTest" time="6.536"/>
</testsuite> <!-- com.herokuapp.internet.multiplewindowstest.MultipleWindowsTest -->
