<?xml version="1.0" encoding="UTF-8"?>
<!-- Generated by org.testng.reporters.JUnitReportReporter -->
<testsuite hostname="JungHoons-MacBook-Pro.local" failures="0" tests="2" name="com.herokuapp.internet.loginTest.NegativeLoginTests" time="13.463" errors="0" timestamp="2024-07-08T01:12:01 CDT" skipped="0">
  <testcase classname="com.herokuapp.internet.loginTest.NegativeLoginTests" name="negativeTests" time="8.021"/>
  <testcase classname="com.herokuapp.internet.loginTest.NegativeLoginTests" name="negativeTests" time="5.442"/>
</testsuite> <!-- com.herokuapp.internet.loginTest.NegativeLoginTests -->
