<?xml version="1.0" encoding="UTF-8"?>
<!-- Generated by org.testng.reporters.JUnitReportReporter -->
<testsuite hostname="JungHoons-MacBook-Pro.local" failures="0" tests="2" name="com.herokuapp.internet.dropdowntest.DropdownTest" time="10.976" errors="0" timestamp="2024-07-10T01:02:21 CDT" skipped="0">
  <testcase classname="com.herokuapp.internet.dropdowntest.DropdownTest" name="dropdownTests" time="5.323"/>
  <testcase classname="com.herokuapp.internet.dropdowntest.DropdownTest" name="dropdownTests" time="5.653"/>
</testsuite> <!-- com.herokuapp.internet.dropdowntest.DropdownTest -->
