<?xml version="1.0" encoding="UTF-8"?>
<!-- Generated by org.testng.reporters.JUnitReportReporter -->
<testsuite hostname="JungHoons-MacBook-Pro.local" failures="0" tests="1" name="com.herokuapp.internet.loginTest.PositiveLoginTests" time="4.627" errors="0" timestamp="2024-07-08T00:42:25 CDT" skipped="0">
  <testcase classname="com.herokuapp.internet.loginTest.PositiveLoginTests" name="loginTest" time="4.627"/>
</testsuite> <!-- com.herokuapp.internet.loginTest.PositiveLoginTests -->
