<?xml version="1.0" encoding="UTF-8"?>
<!-- Generated by org.testng.reporters.JUnitReportReporter -->
<testsuite hostname="JungHoons-MacBook-Pro.local" failures="0" tests="3" name="com.herokuapp.internet.alerttest.AlertTest" time="19.375" errors="0" timestamp="2024-07-10T01:02:21 CDT" skipped="0">
  <testcase classname="com.herokuapp.internet.alerttest.AlertTest" name="jsPromptTest" time="6.129"/>
  <testcase classname="com.herokuapp.internet.alerttest.AlertTest" name="jsAlertTest" time="6.396"/>
  <testcase classname="com.herokuapp.internet.alerttest.AlertTest" name="jsConfirmTest" time="6.850"/>
</testsuite> <!-- com.herokuapp.internet.alerttest.AlertTest -->
