<?xml version="1.0" encoding="UTF-8"?>
<!-- Generated by org.testng.reporters.JUnitReportReporter -->
<testsuite hostname="JungHoons-MacBook-Pro.local" failures="0" tests="2" name="com.herokuapp.internet.loginTest.NegativeLoginTests" time="13.732" errors="0" timestamp="2024-07-09T00:34:39 CDT" skipped="0">
  <testcase classname="com.herokuapp.internet.loginTest.NegativeLoginTests" name="negativeTests" time="5.776"/>
  <testcase classname="com.herokuapp.internet.loginTest.NegativeLoginTests" name="negativeTests" time="7.956"/>
</testsuite> <!-- com.herokuapp.internet.loginTest.NegativeLoginTests -->
