<?xml version="1.0" encoding="UTF-8"?>
<!-- Generated by org.testng.reporters.JUnitReportReporter -->
<testsuite hostname="JungHoons-MacBook-Pro.local" failures="0" tests="1" name="com.herokuapp.internet.checkboxtest.CheckBoxTest" time="5.247" errors="0" timestamp="2024-07-09T01:54:43 CDT" skipped="0">
  <testcase classname="com.herokuapp.internet.checkboxtest.CheckBoxTest" name="selectingTwoCheckBoxTest" time="5.247"/>
</testsuite> <!-- com.herokuapp.internet.checkboxtest.CheckBoxTest -->
