<?xml version="1.0" encoding="UTF-8"?>
<!-- Generated by org.testng.reporters.JUnitReportReporter -->
<testsuite hostname="JungHoons-MacBook-Pro.local" failures="0" tests="2" name="com.herokuapp.internet.dropdowntest.DropdownTest" time="7.977" errors="0" timestamp="2024-07-09T02:34:57 CDT" skipped="0">
  <testcase classname="com.herokuapp.internet.dropdowntest.DropdownTest" name="dropdownTests" time="3.894"/>
  <testcase classname="com.herokuapp.internet.dropdowntest.DropdownTest" name="dropdownTests" time="4.083"/>
</testsuite> <!-- com.herokuapp.internet.dropdowntest.DropdownTest -->
