<?xml version="1.0" encoding="UTF-8"?>
<!-- Generated by org.testng.reporters.JUnitReportReporter -->
<testsuite hostname="JungHoons-MacBook-Pro.local" failures="0" tests="2" name="com.herokuapp.internet.logintest.NegativeLoginTests" time="49.682" errors="0" timestamp="2024-07-10T01:02:21 CDT" skipped="0">
  <testcase classname="com.herokuapp.internet.logintest.NegativeLoginTests" name="negativeTests" time="7.561"/>
  <testcase classname="com.herokuapp.internet.logintest.NegativeLoginTests" name="negativeTests" time="42.121"/>
</testsuite> <!-- com.herokuapp.internet.logintest.NegativeLoginTests -->
