<?xml version="1.0" encoding="UTF-8"?>
<!-- Generated by org.testng.reporters.JUnitReportReporter -->
<testsuite hostname="JungHoons-MacBook-Pro.local" failures="0" tests="1" name="com.herokuapp.internet.loginTest.PositiveLoginTests" time="5.379" errors="0" timestamp="2024-07-09T00:15:05 CDT" skipped="0">
  <testcase classname="com.herokuapp.internet.loginTest.PositiveLoginTests" name="loginTest" time="5.379"/>
</testsuite> <!-- com.herokuapp.internet.loginTest.PositiveLoginTests -->
